Fri Apr 11 12:39:01 UTC 2025
Sat Apr 12 12:24:12 UTC 2025
Sun Apr 13 12:25:00 UTC 2025
Mon Apr 14 12:28:22 UTC 2025
Tue Apr 15 12:28:11 UTC 2025
Wed Apr 16 12:28:20 UTC 2025
Thu Apr 17 12:27:58 UTC 2025
Fri Apr 18 12:26:46 UTC 2025
Sat Apr 19 12:24:10 UTC 2025
Sun Apr 20 12:24:49 UTC 2025
Mon Apr 21 12:27:32 UTC 2025
Tue Apr 22 12:27:59 UTC 2025
Wed Apr 23 12:28:25 UTC 2025
Thu Apr 24 12:29:20 UTC 2025
Fri Apr 25 12:28:27 UTC 2025
Sat Apr 26 12:24:58 UTC 2025
Sun Apr 27 12:25:02 UTC 2025
Mon Apr 28 12:28:16 UTC 2025
Tue Apr 29 12:30:18 UTC 2025
Wed Apr 30 12:27:59 UTC 2025
Thu May  1 12:27:38 UTC 2025
Fri May  2 12:27:47 UTC 2025
Sat May  3 12:25:37 UTC 2025
Sun May  4 12:26:06 UTC 2025
Mon May  5 12:28:53 UTC 2025
